🚀 开始迁移WordPress图片到媒体库

📥 获取文章列表...
✅ 找到 119 篇文章


[1/119] 119 在忙碌與人交往中的省思：態度差異與自我净化
  📥 获取文章详情...

处理文章: 119 在忙碌與人交往中的省思：態度差異與自我净化
  ✓ 无需处理图片

[2/119] 118 令人灰心的孤島意識
  📥 获取文章详情...

处理文章: 118 令人灰心的孤島意識
  ✓ 无需处理图片

[3/119] 117 2023年總結
  📥 获取文章详情...

处理文章: 117 2023年總結
  ✓ 无需处理图片

[4/119] 116 深圳印象：大城市的忙碌與寧靜
  📥 获取文章详情...

处理文章: 116 深圳印象：大城市的忙碌與寧靜
  发现 3 张内容图片
  📥 下载: 截圖-2023-09-17-19.05.23.png
  📤 上传到媒体库...
  ⚠️  处理失败 https://3331322.xyz/wp-content/uploads/2023/09/截圖-2023-09-17-19.05.23.png: Request failed with status code 500
  📥 下载: IMG_0450-1024x768.jpeg
  📤 上传到媒体库...
  ⚠️  处理失败 https://3331322.xyz/wp-content/uploads/2023/09/IMG_0450-1024x768.jpeg: Request failed with status code 500
  📥 下载: IMG_0014-1-524x1024.jpg
  📤 上传到媒体库...
  ⚠️  处理失败 https://3331322.xyz/wp-content/uploads/2023/09/IMG_0014-1-524x1024.jpg: Request failed with status code 500
  📥 下载封面图: IMG_0450-scaled.jpeg
  📤 上传封面图到媒体库...
  ⚠️  封面图处理失败: Request failed with status code 500

[5/119] 115 時光匆匆：十七年的回望與重逢
  📥 获取文章详情...

处理文章: 115 時光匆匆：十七年的回望與重逢
  发现 2 张内容图片
  📥 下载: 合照-005_16-.jpg
  📤 上传到媒体库...
  ⚠️  处理失败 https://blog.3331322.xyz/wp-content/uploads/2023/08/合照-005_16-.jpg: Request failed with status code 500
  📥 下载: IMG_0026.jpeg
  📤 上传到媒体库...
  ⚠️  处理失败 https://3331322.xyz/wp-content/uploads/2023/08/IMG_0026.jpeg: Request failed with status code 500

[6/119] 114 人事變動：行政科長的新任命
  📥 获取文章详情...

处理文章: 114 人事變動：行政科長的新任命
  ✓ 无需处理图片

[7/119] 113 人心如海，自驅難尋：我的管理疑惑與領悟
  📥 获取文章详情...

处理文章: 113 人心如海，自驅難尋：我的管理疑惑與領悟
  ✓ 无需处理图片

[8/119] 112 分享一篇法官判決父母離婚給小孩的話
  📥 获取文章详情...

处理文章: 112 分享一篇法官判決父母離婚給小孩的話
  ✓ 无需处理图片

[9/119] 111 學生與老師的思想碰撞：一場深刻的晚餐對話
  📥 获取文章详情...

处理文章: 111 學生與老師的思想碰撞：一場深刻的晚餐對話
  ✓ 无需处理图片

[10/119] 110 沒有監督機製的政府幕僚單位
  📥 获取文章详情...

处理文章: 110 沒有監督機製的政府幕僚單位
  ✓ 无需处理图片

[11/119] 109 圖書館外的救援：EMT-1證照排上用場
  📥 获取文章详情...

处理文章: 109 圖書館外的救援：EMT-1證照排上用場
  发现 1 张内容图片
  📥 下载: Notes_1660386002000.jpeg
  📤 上传到媒体库...
  ⚠️  处理失败 https://blog.3331322.xyz/wp-content/uploads/2023/06/Notes_1660386002000.jpeg: Request failed with status code 500

[12/119] 108 夢中的邊界：台灣，中國，還有那些役男的故事
  📥 获取文章详情...

处理文章: 108 夢中的邊界：台灣，中國，還有那些役男的故事
  ✓ 无需处理图片

[13/119] 107 在動盪與變化中找尋平靜：我的新年期望
  📥 获取文章详情...

处理文章: 107 在動盪與變化中找尋平靜：我的新年期望
  ✓ 无需处理图片

[14/119] 106 2020-04-08 23-40-51
  📥 获取文章详情...

处理文章: 106 2020-04-08 23-40-51
  ✓ 无需处理图片

[15/119] 105 2020-04-06 23-34-21
  📥 获取文章详情...

处理文章: 105 2020-04-06 23-34-21
  ✓ 无需处理图片

[16/119] 104 2020-03-01 21-26-06
  📥 获取文章详情...

处理文章: 104 2020-03-01 21-26-06
  ✓ 无需处理图片

[17/119] 103 2020-02-23 20-26-06
  📥 获取文章详情...

处理文章: 103 2020-02-23 20-26-06
  ✓ 无需处理图片

[18/119] 102 2020-01-23 04-15-15
  📥 获取文章详情...

处理文章: 102 2020-01-23 04-15-15
  ✓ 无需处理图片

[19/119] 101 2019-11-15 22-27-04
  📥 获取文章详情...

处理文章: 101 2019-11-15 22-27-04
  ✓ 无需处理图片

[20/119] 100 2019-10-09 21-39-51
  📥 获取文章详情...

处理文章: 100 2019-10-09 21-39-51
  ✓ 无需处理图片

[21/119] 099 2019-09-22 11-25-41
  📥 获取文章详情...

处理文章: 099 2019-09-22 11-25-41
  ✓ 无需处理图片

[22/119] 098 2019-09-15 22-30-38
  📥 获取文章详情...

处理文章: 098 2019-09-15 22-30-38
  ✓ 无需处理图片

[23/119] 097 2019-09-14 01-07-33
  📥 获取文章详情...

处理文章: 097 2019-09-14 01-07-33
  ✓ 无需处理图片

[24/119] 096 2019-01-15 02-55-56
  📥 获取文章详情...

处理文章: 096 2019-01-15 02-55-56
  ✓ 无需处理图片

[25/119] 095 2019-01-02 01-11-37
  📥 获取文章详情...

处理文章: 095 2019-01-02 01-11-37
  ✓ 无需处理图片

[26/119] 094 2018-12-23 02-44-29
  📥 获取文章详情...

处理文章: 094 2018-12-23 02-44-29
  ✓ 无需处理图片

[27/119] 093 2018-11-17 01-43-45
  📥 获取文章详情...

处理文章: 093 2018-11-17 01-43-45
  ✓ 无需处理图片

[28/119] 092 2018-11-07 21-43-45
  📥 获取文章详情...

处理文章: 092 2018-11-07 21-43-45
  ✓ 无需处理图片

[29/119] 091 2018-07-26 05-03-28
  📥 获取文章详情...

处理文章: 091 2018-07-26 05-03-28
  ✓ 无需处理图片

[30/119] 090 2017-11-29 05-39-45
  📥 获取文章详情...

处理文章: 090 2017-11-29 05-39-45
  ✓ 无需处理图片

[31/119] 089 2017-01-15 05-39-45
  📥 获取文章详情...

处理文章: 089 2017-01-15 05-39-45
  ✓ 无需处理图片

[32/119] 088 2017-01-10 01-33-45
  📥 获取文章详情...

处理文章: 088 2017-01-10 01-33-45
  ✓ 无需处理图片

[33/119] 087 2016-12-31 11-33-45
  📥 获取文章详情...

处理文章: 087 2016-12-31 11-33-45
  ✓ 无需处理图片

[34/119] 086 2016-12-01 11-33-45
  📥 获取文章详情...

处理文章: 086 2016-12-01 11-33-45
  ✓ 无需处理图片

[35/119] 085 2016-08-10 01-33-45
  📥 获取文章详情...

处理文章: 085 2016-08-10 01-33-45
  ✓ 无需处理图片

[36/119] 084 2016-07-17 12-32-26
  📥 获取文章详情...

处理文章: 084 2016-07-17 12-32-26
  ✓ 无需处理图片

[37/119] 083 2016-07-03 12-32-26
  📥 获取文章详情...

处理文章: 083 2016-07-03 12-32-26
  ✓ 无需处理图片

[38/119] 082 2016-06-16 12-30-00
  📥 获取文章详情...

处理文章: 082 2016-06-16 12-30-00
  ✓ 无需处理图片

[39/119] 081 2016-06-07 12-30-59
  📥 获取文章详情...

处理文章: 081 2016-06-07 12-30-59
  ✓ 无需处理图片

[40/119] 080 2016-05-12 12-26-05
  📥 获取文章详情...

处理文章: 080 2016-05-12 12-26-05
  ✓ 无需处理图片

[41/119] 079 2016-03-19 00-26-29
  📥 获取文章详情...

处理文章: 079 2016-03-19 00-26-29
  ✓ 无需处理图片

[42/119] 078 2016-02-02 12-29-05
  📥 获取文章详情...

处理文章: 078 2016-02-02 12-29-05
  ✓ 无需处理图片

[43/119] 077 2014-07-27 08-26-29
  📥 获取文章详情...

处理文章: 077 2014-07-27 08-26-29
  ✓ 无需处理图片

[44/119] 076 2014-06-30 12-26-29
  📥 获取文章详情...

处理文章: 076 2014-06-30 12-26-29
  ✓ 无需处理图片

[45/119] 075 2014-03-26 18-26-29
  📥 获取文章详情...

处理文章: 075 2014-03-26 18-26-29
  ✓ 无需处理图片

[46/119] 074 2014-03-09 14-06-37
  📥 获取文章详情...

处理文章: 074 2014-03-09 14-06-37
  ✓ 无需处理图片

[47/119] 073 2014-01-13 04-11-37
  📥 获取文章详情...

处理文章: 073 2014-01-13 04-11-37
  ✓ 无需处理图片

[48/119] 072 2013-08-08 00-11-37
  📥 获取文章详情...

处理文章: 072 2013-08-08 00-11-37
  ✓ 无需处理图片

[49/119] 071 2012-10-27 19-41-18
  📥 获取文章详情...

处理文章: 071 2012-10-27 19-41-18
  ✓ 无需处理图片

[50/119] 070 2012-03-07 23-41-18
  📥 获取文章详情...

处理文章: 070 2012-03-07 23-41-18
  ✓ 无需处理图片

[51/119] 069 2012-01-08 16-41-18
  📥 获取文章详情...

处理文章: 069 2012-01-08 16-41-18
  ✓ 无需处理图片

[52/119] 068 2011-12-17 01-45-47
  📥 获取文章详情...

处理文章: 068 2011-12-17 01-45-47
  ✓ 无需处理图片

[53/119] 067 2011-11-08 22-45-47
  📥 获取文章详情...

处理文章: 067 2011-11-08 22-45-47
  ✓ 无需处理图片

[54/119] 066 2011-10-03 22-35-47
  📥 获取文章详情...

处理文章: 066 2011-10-03 22-35-47
  ✓ 无需处理图片

[55/119] 065 2011-09-26 15-35-47
  📥 获取文章详情...

处理文章: 065 2011-09-26 15-35-47
  ✓ 无需处理图片

[56/119] 064 2011-09-24 11-35-12
  📥 获取文章详情...

处理文章: 064 2011-09-24 11-35-12
  ✓ 无需处理图片

[57/119] 063 2011-09-17 01-34-34
  📥 获取文章详情...

处理文章: 063 2011-09-17 01-34-34
  ✓ 无需处理图片

[58/119] 062 2011-04-25 11-31-29
  📥 获取文章详情...

处理文章: 062 2011-04-25 11-31-29
  ✓ 无需处理图片

[59/119] 061 2011-01-02 00-30-34
  📥 获取文章详情...

处理文章: 061 2011-01-02 00-30-34
  ✓ 无需处理图片

[60/119] 060 2010-11-23 11-29-48
  📥 获取文章详情...

处理文章: 060 2010-11-23 11-29-48
  ✓ 无需处理图片

[61/119] 059 2010-10-08 21-29-12
  📥 获取文章详情...

处理文章: 059 2010-10-08 21-29-12
  ✓ 无需处理图片

[62/119] 058 2010-09-15 17-28-10
  📥 获取文章详情...

处理文章: 058 2010-09-15 17-28-10
  ✓ 无需处理图片

[63/119] 057 2010-08-31 12-09-24
  📥 获取文章详情...

处理文章: 057 2010-08-31 12-09-24
  ✓ 无需处理图片

[64/119] 056 2010-08-07 00-16-43
  📥 获取文章详情...

处理文章: 056 2010-08-07 00-16-43
  ✓ 无需处理图片

[65/119] 055 2010-07-10 03-00-24
  📥 获取文章详情...

处理文章: 055 2010-07-10 03-00-24
  ✓ 无需处理图片

[66/119] 054 2010-06-06 21-25-07
  📥 获取文章详情...

处理文章: 054 2010-06-06 21-25-07
  ✓ 无需处理图片

[67/119] 053 2010-05-24 20-56-15
  📥 获取文章详情...

处理文章: 053 2010-05-24 20-56-15
  ✓ 无需处理图片

[68/119] 052 2010-05-13 13-05-58
  📥 获取文章详情...

处理文章: 052 2010-05-13 13-05-58
  ✓ 无需处理图片

[69/119] 051 2010-05-11 18-00-47
  📥 获取文章详情...

处理文章: 051 2010-05-11 18-00-47
  ✓ 无需处理图片

[70/119] 050 2010-04-17 22-38-16
  📥 获取文章详情...

处理文章: 050 2010-04-17 22-38-16
  ✓ 无需处理图片

[71/119] 049 2010-04-07 22-34-45
  📥 获取文章详情...

处理文章: 049 2010-04-07 22-34-45
  ✓ 无需处理图片

[72/119] 048 2010-03-03 11-06-23
  📥 获取文章详情...

处理文章: 048 2010-03-03 11-06-23
  ✓ 无需处理图片

[73/119] 047 2010-02-15 15-58-46
  📥 获取文章详情...

处理文章: 047 2010-02-15 15-58-46
  ✓ 无需处理图片

[74/119] 046 2010-02-07 23-04-15
  📥 获取文章详情...

处理文章: 046 2010-02-07 23-04-15
  ✓ 无需处理图片

[75/119] 045 2010-01-21 23-00-08
  📥 获取文章详情...

处理文章: 045 2010-01-21 23-00-08
  ✓ 无需处理图片

[76/119] 044 2010-01-17 16-27-14
  📥 获取文章详情...

处理文章: 044 2010-01-17 16-27-14
  ✓ 无需处理图片

[77/119] 043 2010-01-03 23-12-28
  📥 获取文章详情...

处理文章: 043 2010-01-03 23-12-28
  ✓ 无需处理图片

[78/119] 042 2009-12-26 22-38-00
  📥 获取文章详情...

处理文章: 042 2009-12-26 22-38-00
  ✓ 无需处理图片

[79/119] 041 2009-12-20 00-28-03
  📥 获取文章详情...

处理文章: 041 2009-12-20 00-28-03
  ✓ 无需处理图片

[80/119] 040 2009-12-13 23-58-47
  📥 获取文章详情...

处理文章: 040 2009-12-13 23-58-47
  ✓ 无需处理图片

[81/119] 039 2009-12-06 11-50-23
  📥 获取文章详情...

处理文章: 039 2009-12-06 11-50-23
  ✓ 无需处理图片

[82/119] 038 2009-11-28 21-43-26
  📥 获取文章详情...

处理文章: 038 2009-11-28 21-43-26
  ✓ 无需处理图片

[83/119] 037 2009-11-22 22-12-11
  📥 获取文章详情...

处理文章: 037 2009-11-22 22-12-11
  ✓ 无需处理图片

[84/119] 036 2009-11-14 21-27-49
  📥 获取文章详情...

处理文章: 036 2009-11-14 21-27-49
  ✓ 无需处理图片

[85/119] 035 2009-11-08 09-42-18
  📥 获取文章详情...

处理文章: 035 2009-11-08 09-42-18
  ✓ 无需处理图片

[86/119] 034 2009-10-31 22-20-04
  📥 获取文章详情...

处理文章: 034 2009-10-31 22-20-04
  ✓ 无需处理图片

[87/119] 033 2009-10-24 22-19-57
  📥 获取文章详情...

处理文章: 033 2009-10-24 22-19-57
  ✓ 无需处理图片

[88/119] 032 2009-10-17 21-42-46
  📥 获取文章详情...

处理文章: 032 2009-10-17 21-42-46
  ✓ 无需处理图片

[89/119] 031 2009-10-10 22-47-34
  📥 获取文章详情...

处理文章: 031 2009-10-10 22-47-34
  ✓ 无需处理图片

[90/119] 030 2009-10-04 23-49-23
  📥 获取文章详情...

处理文章: 030 2009-10-04 23-49-23
  ✓ 无需处理图片

[91/119] 029 2009-09-28 13-06-38
  📥 获取文章详情...

处理文章: 029 2009-09-28 13-06-38
  ✓ 无需处理图片

[92/119] 028 2009-09-19 22-40-11
  📥 获取文章详情...

处理文章: 028 2009-09-19 22-40-11
  ✓ 无需处理图片

[93/119] 027 2009-09-12 23-50-50
  📥 获取文章详情...

处理文章: 027 2009-09-12 23-50-50
  ✓ 无需处理图片

[94/119] 026 2009-09-05 22-49-29
  📥 获取文章详情...

处理文章: 026 2009-09-05 22-49-29
  ✓ 无需处理图片

[95/119] 025 2009-08-29 21-48-43
  📥 获取文章详情...

处理文章: 025 2009-08-29 21-48-43
  ✓ 无需处理图片

[96/119] 024 2009-08-22 21-57-09
  📥 获取文章详情...

处理文章: 024 2009-08-22 21-57-09
  ✓ 无需处理图片

[97/119] 2009-08-16
  📥 获取文章详情...

处理文章: 2009-08-16
  ✓ 无需处理图片

[98/119] 2009-08-09
  📥 获取文章详情...

处理文章: 2009-08-09
  ✓ 无需处理图片

[99/119] 2009-07-26
  📥 获取文章详情...

处理文章: 2009-07-26
  ✓ 无需处理图片

[100/119] 2009-07-18
  📥 获取文章详情...

处理文章: 2009-07-18
  ✓ 无需处理图片

[101/119] 2009-07-12
  📥 获取文章详情...

处理文章: 2009-07-12
  ✓ 无需处理图片

[102/119] 2009-07-04
  📥 获取文章详情...

处理文章: 2009-07-04
  ✓ 无需处理图片

[103/119] 2009-06-28
  📥 获取文章详情...

处理文章: 2009-06-28
  ✓ 无需处理图片

[104/119] 2009-06-21
  📥 获取文章详情...

处理文章: 2009-06-21
  ✓ 无需处理图片

[105/119] 2009-06-15
  📥 获取文章详情...

处理文章: 2009-06-15
  ✓ 无需处理图片

[106/119] 2009-06-05
  📥 获取文章详情...

处理文章: 2009-06-05
  ✓ 无需处理图片

[107/119] 2009-05-31
  📥 获取文章详情...

处理文章: 2009-05-31
  ✓ 无需处理图片

[108/119] 2009-05-24
  📥 获取文章详情...

处理文章: 2009-05-24
  ✓ 无需处理图片

[109/119] 2009-05-16
  📥 获取文章详情...

处理文章: 2009-05-16
  ✓ 无需处理图片

[110/119] 2009-05-09
  📥 获取文章详情...

处理文章: 2009-05-09
  ✓ 无需处理图片

[111/119] 2009-05-03
  📥 获取文章详情...

处理文章: 2009-05-03
  ✓ 无需处理图片

[112/119] 2009-04-26
  📥 获取文章详情...

处理文章: 2009-04-26
  ✓ 无需处理图片

[113/119] 2009-04-18
  📥 获取文章详情...

处理文章: 2009-04-18
  ✓ 无需处理图片

[114/119] 2009-04-12
  📥 获取文章详情...

处理文章: 2009-04-12
  ✓ 无需处理图片

[115/119] 2009-04-04
  📥 获取文章详情...

处理文章: 2009-04-04
  ✓ 无需处理图片

[116/119] 2009-03-28
  📥 获取文章详情...

处理文章: 2009-03-28
  ✓ 无需处理图片

[117/119] 2009-03-22
  📥 获取文章详情...

处理文章: 2009-03-22
  ✓ 无需处理图片

[118/119] 2009-03-13
  📥 获取文章详情...

处理文章: 2009-03-13
  ✓ 无需处理图片

[119/119] 2009-03-07
  📥 获取文章详情...

处理文章: 2009-03-07
  发现 1 张内容图片
  📥 下载: 合照-011_ALIM0581-.jpg
  📤 上传到媒体库...
  ⚠️  处理失败 https://3331322.xyz/wp-content/uploads/2022/12/合照-011_ALIM0581-.jpg: Request failed with status code 500

================================================================================
✨ 迁移完成！
📊 处理: 119 篇
✅ 更新: 0 篇
❌ 失败: 0 篇
📷 图片缓存: 0 张
================================================================================
